{"level":"info","msg":"","time":"2023-02-04 21:02:17"}
{"level":"info","msg":"","time":"2023-02-04 21:02:17"}
{"level":"info","msg":"","time":"2023-02-04 21:02:17"}
{"level":"info","msg":"","time":"2023-02-04 21:02:17"}
{"level":"info","msg":"","time":"2023-02-04 21:02:17"}
{"level":"info","msg":"","time":"2023-02-04 21:02:17"}
{"level":"info","msg":"","time":"2023-02-04 21:02:17"}
{"level":"info","msg":"","time":"2023-02-04 21:02:17"}
{"level":"info","msg":"","time":"2023-02-04 21:02:17"}
{"level":"info","msg":"","time":"2023-02-04 21:02:17"}
{"level":"info","msg":"tracer1111:%v5198e29bc7689fc0:5198e29bc7689fc0:0000000000000000:1","requestId":"","time":"2023-02-04 21:02:25"}
{"level":"info","msg":"{\"affectedrow\":1,\"duration\":8.44,\"level\":\"debug\",\"module\":\"gorm\",\"requestId\":null,\"sql\":\"SELECT * FROM `config`  WHERE (`key` = 'track_threshold')\",\"time\":\"2023-02-04 21:02:25\"}","time":"2023-02-04 21:02:25"}
{"clientIp":"127.0.0.1","dataLength":83,"handle":"github.com/basegin/controller.GetConfig","httpCode":200,"latency":10,"level":"info","method":"POST","msg":"{\"returnCode\":0,\"returnMsg\":\"succ\",\"returnUserMsg\":\"成功\",\"data\":{\"value\":\"0.8\"}}","referer":"","requestBody":"key=track_threshold","requestId":"5198e29bc7689fc0:5198e29bc7689fc0:0000000000000000:1","requestPath":"/api/getConfig","retCode":0,"time":"2023-02-04 21:02:25","type":"http","userAgent":"PostmanRuntime/7.30.1"}
{"level":"info","msg":"tracer1111:%v6c67be90c60cecb7:6c67be90c60cecb7:0000000000000000:1","requestId":"","time":"2023-02-04 21:41:00"}
{"level":"info","msg":"{\"affectedrow\":1,\"duration\":18.17,\"level\":\"debug\",\"module\":\"gorm\",\"requestId\":null,\"sql\":\"SELECT * FROM `config`  WHERE (`key` = 'track_threshold')\",\"time\":\"2023-02-04 21:41:00\"}","time":"2023-02-04 21:41:00"}
{"clientIp":"127.0.0.1","dataLength":83,"handle":"github.com/basegin/controller.GetConfig","httpCode":200,"latency":19,"level":"info","method":"POST","msg":"{\"returnCode\":0,\"returnMsg\":\"succ\",\"returnUserMsg\":\"成功\",\"data\":{\"value\":\"0.8\"}}","referer":"","requestBody":"key=track_threshold","requestId":"6c67be90c60cecb7:6c67be90c60cecb7:0000000000000000:1","requestPath":"/api/getConfig","retCode":0,"time":"2023-02-04 21:41:00","type":"http","userAgent":"PostmanRuntime/7.30.1"}
{"level":"info","msg":"","time":"2023-02-04 21:47:06"}
{"level":"info","msg":"","time":"2023-02-04 21:47:06"}
{"level":"info","msg":"","time":"2023-02-04 21:47:06"}
{"level":"info","msg":"","time":"2023-02-04 21:47:06"}
{"level":"info","msg":"","time":"2023-02-04 21:47:06"}
{"level":"info","msg":"","time":"2023-02-04 21:47:06"}
{"level":"info","msg":"","time":"2023-02-04 21:47:06"}
{"level":"info","msg":"","time":"2023-02-04 21:47:06"}
{"level":"info","msg":"","time":"2023-02-04 21:47:06"}
{"level":"info","msg":"","time":"2023-02-04 21:47:06"}
{"level":"info","msg":"tracer1111:%v7302e60713173c26:7302e60713173c26:0000000000000000:1","requestId":"","time":"2023-02-04 21:47:11"}
{"level":"info","msg":"{\"affectedrow\":1,\"duration\":4.38,\"level\":\"debug\",\"module\":\"gorm\",\"requestId\":null,\"sql\":\"SELECT * FROM `config`  WHERE (`key` = 'track_threshold')\",\"time\":\"2023-02-04 21:47:11\"}","time":"2023-02-04 21:47:11"}
{"clientIp":"127.0.0.1","dataLength":83,"handle":"github.com/basegin/controller.GetConfig","httpCode":200,"latency":5,"level":"info","method":"POST","msg":"{\"returnCode\":0,\"returnMsg\":\"succ\",\"returnUserMsg\":\"成功\",\"data\":{\"value\":\"0.8\"}}","referer":"","requestBody":"key=track_threshold","requestId":"7302e60713173c26:7302e60713173c26:0000000000000000:1","requestPath":"/api/getConfig","retCode":0,"time":"2023-02-04 21:47:11","type":"http","userAgent":"PostmanRuntime/7.30.1"}
{"level":"info","msg":"","time":"2023-02-04 21:54:47"}
{"level":"info","msg":"","time":"2023-02-04 21:54:47"}
{"level":"info","msg":"","time":"2023-02-04 21:54:47"}
{"level":"info","msg":"","time":"2023-02-04 21:54:47"}
{"level":"info","msg":"","time":"2023-02-04 21:54:47"}
{"level":"info","msg":"","time":"2023-02-04 21:54:47"}
{"level":"info","msg":"","time":"2023-02-04 21:54:47"}
{"level":"info","msg":"","time":"2023-02-04 21:54:47"}
{"level":"info","msg":"","time":"2023-02-04 21:54:47"}
{"level":"info","msg":"","time":"2023-02-04 21:54:47"}
{"level":"info","msg":"tracer1111:%v636c9d9637421a68:636c9d9637421a68:0000000000000000:1","requestId":"","time":"2023-02-04 21:54:52"}
{"level":"info","msg":"{\"affectedrow\":1,\"duration\":16.27,\"level\":\"debug\",\"module\":\"gorm\",\"requestId\":null,\"sql\":\"SELECT * FROM `config`  WHERE (`key` = 'track_threshold')\",\"time\":\"2023-02-04 21:54:52\"}","time":"2023-02-04 21:54:52"}
{"clientIp":"127.0.0.1","dataLength":83,"handle":"github.com/basegin/controller.GetConfig","httpCode":200,"latency":18,"level":"info","method":"POST","msg":"{\"returnCode\":0,\"returnMsg\":\"succ\",\"returnUserMsg\":\"成功\",\"data\":{\"value\":\"0.8\"}}","referer":"","requestBody":"key=track_threshold","requestId":"636c9d9637421a68:636c9d9637421a68:0000000000000000:1","requestPath":"/api/getConfig","retCode":0,"time":"2023-02-04 21:54:52","type":"http","userAgent":"PostmanRuntime/7.30.1"}
{"level":"info","msg":"","time":"2023-02-04 21:58:27"}
{"level":"info","msg":"","time":"2023-02-04 21:58:27"}
{"level":"info","msg":"","time":"2023-02-04 21:58:27"}
{"level":"info","msg":"","time":"2023-02-04 21:58:27"}
{"level":"info","msg":"","time":"2023-02-04 21:58:27"}
{"level":"info","msg":"","time":"2023-02-04 21:58:27"}
{"level":"info","msg":"","time":"2023-02-04 21:58:27"}
{"level":"info","msg":"","time":"2023-02-04 21:58:27"}
{"level":"info","msg":"","time":"2023-02-04 21:58:27"}
{"level":"info","msg":"","time":"2023-02-04 21:58:27"}
{"level":"info","msg":"tracer1111:%v4194a8cf86166031:4194a8cf86166031:0000000000000000:1","requestId":"","time":"2023-02-04 21:58:33"}
{"level":"info","msg":"{\"affectedrow\":1,\"duration\":10.52,\"level\":\"debug\",\"module\":\"gorm\",\"requestId\":null,\"sql\":\"SELECT * FROM `config`  WHERE (`key` = 'track_threshold')\",\"time\":\"2023-02-04 21:58:33\"}","time":"2023-02-04 21:58:33"}
{"clientIp":"127.0.0.1","dataLength":83,"handle":"github.com/basegin/controller.GetConfig","httpCode":200,"latency":11,"level":"info","method":"POST","msg":"{\"returnCode\":0,\"returnMsg\":\"succ\",\"returnUserMsg\":\"成功\",\"data\":{\"value\":\"0.8\"}}","referer":"","requestBody":"key=track_threshold","requestId":"4194a8cf86166031:4194a8cf86166031:0000000000000000:1","requestPath":"/api/getConfig","retCode":0,"time":"2023-02-04 21:58:33","type":"http","userAgent":"PostmanRuntime/7.30.1"}
{"level":"info","msg":"","time":"2023-02-04 21:59:45"}
{"level":"info","msg":"","time":"2023-02-04 21:59:45"}
{"level":"info","msg":"","time":"2023-02-04 21:59:45"}
{"level":"info","msg":"","time":"2023-02-04 21:59:45"}
{"level":"info","msg":"","time":"2023-02-04 21:59:45"}
{"level":"info","msg":"","time":"2023-02-04 21:59:45"}
{"level":"info","msg":"","time":"2023-02-04 21:59:45"}
{"level":"info","msg":"","time":"2023-02-04 21:59:45"}
{"level":"info","msg":"","time":"2023-02-04 21:59:45"}
{"level":"info","msg":"","time":"2023-02-04 21:59:45"}
{"level":"info","msg":"tracer1111:%v5925cf946ce5c69e:5925cf946ce5c69e:0000000000000000:1","requestId":"","time":"2023-02-04 21:59:51"}
{"level":"info","msg":"{\"affectedrow\":1,\"duration\":11.15,\"level\":\"debug\",\"module\":\"gorm\",\"requestId\":null,\"sql\":\"SELECT * FROM `config`  WHERE (`key` = 'track_threshold')\",\"time\":\"2023-02-04 21:59:51\"}","time":"2023-02-04 21:59:51"}
{"clientIp":"127.0.0.1","dataLength":83,"handle":"github.com/basegin/controller.GetConfig","httpCode":200,"latency":13,"level":"info","method":"POST","msg":"{\"returnCode\":0,\"returnMsg\":\"succ\",\"returnUserMsg\":\"成功\",\"data\":{\"value\":\"0.8\"}}","referer":"","requestBody":"key=track_threshold","requestId":"5925cf946ce5c69e:5925cf946ce5c69e:0000000000000000:1","requestPath":"/api/getConfig","retCode":0,"time":"2023-02-04 21:59:51","type":"http","userAgent":"PostmanRuntime/7.30.1"}
{"level":"info","msg":"","time":"2023-02-04 22:00:40"}
{"level":"info","msg":"","time":"2023-02-04 22:00:40"}
{"level":"info","msg":"","time":"2023-02-04 22:00:40"}
{"level":"info","msg":"","time":"2023-02-04 22:00:40"}
{"level":"info","msg":"","time":"2023-02-04 22:00:40"}
{"level":"info","msg":"","time":"2023-02-04 22:00:40"}
{"level":"info","msg":"","time":"2023-02-04 22:00:40"}
{"level":"info","msg":"","time":"2023-02-04 22:00:40"}
{"level":"info","msg":"","time":"2023-02-04 22:00:40"}
{"level":"info","msg":"","time":"2023-02-04 22:00:40"}
{"level":"info","msg":"tracer1111:%v4f8652344df2b273:4f8652344df2b273:0000000000000000:1","requestId":"","time":"2023-02-04 22:00:46"}
{"level":"info","msg":"{\"affectedrow\":1,\"duration\":6.28,\"level\":\"debug\",\"module\":\"gorm\",\"requestId\":null,\"sql\":\"SELECT * FROM `config`  WHERE (`key` = 'track_threshold')\",\"time\":\"2023-02-04 22:00:46\"}","time":"2023-02-04 22:00:46"}
{"clientIp":"127.0.0.1","dataLength":83,"handle":"github.com/basegin/controller.GetConfig","httpCode":200,"latency":10,"level":"info","method":"POST","msg":"{\"returnCode\":0,\"returnMsg\":\"succ\",\"returnUserMsg\":\"成功\",\"data\":{\"value\":\"0.8\"}}","referer":"","requestBody":"key=track_threshold","requestId":"4f8652344df2b273:4f8652344df2b273:0000000000000000:1","requestPath":"/api/getConfig","retCode":0,"time":"2023-02-04 22:00:46","type":"http","userAgent":"PostmanRuntime/7.30.1"}
{"level":"info","msg":"","time":"2023-02-04 22:23:22"}
{"level":"info","msg":"","time":"2023-02-04 22:23:22"}
{"level":"info","msg":"","time":"2023-02-04 22:23:22"}
{"level":"info","msg":"","time":"2023-02-04 22:23:22"}
{"level":"info","msg":"","time":"2023-02-04 22:23:22"}
{"level":"info","msg":"","time":"2023-02-04 22:23:22"}
{"level":"info","msg":"","time":"2023-02-04 22:23:22"}
{"level":"info","msg":"","time":"2023-02-04 22:23:22"}
{"level":"info","msg":"","time":"2023-02-04 22:23:22"}
{"level":"info","msg":"","time":"2023-02-04 22:23:22"}
{"level":"info","msg":"tracer1111:%v501255ddbf0869ec:501255ddbf0869ec:0000000000000000:1","requestId":"","time":"2023-02-04 22:23:29"}
{"level":"info","msg":"{\"affectedrow\":1,\"duration\":6.5,\"level\":\"debug\",\"module\":\"gorm\",\"requestId\":null,\"sql\":\"SELECT * FROM `config`  WHERE (`key` = 'track_threshold')\",\"time\":\"2023-02-04 22:23:29\"}","time":"2023-02-04 22:23:29"}
{"clientIp":"127.0.0.1","dataLength":83,"handle":"github.com/basegin/controller.GetConfig","httpCode":200,"latency":7,"level":"info","method":"POST","msg":"{\"returnCode\":0,\"returnMsg\":\"succ\",\"returnUserMsg\":\"成功\",\"data\":{\"value\":\"0.8\"}}","referer":"","requestBody":"key=track_threshold","requestId":"501255ddbf0869ec:501255ddbf0869ec:0000000000000000:1","requestPath":"/api/getConfig","retCode":0,"time":"2023-02-04 22:23:29","type":"http","userAgent":"PostmanRuntime/7.30.1"}
{"level":"info","msg":"","time":"2023-02-04 22:26:16"}
{"level":"info","msg":"","time":"2023-02-04 22:26:16"}
{"level":"info","msg":"","time":"2023-02-04 22:26:16"}
{"level":"info","msg":"","time":"2023-02-04 22:26:16"}
{"level":"info","msg":"","time":"2023-02-04 22:26:16"}
{"level":"info","msg":"","time":"2023-02-04 22:26:16"}
{"level":"info","msg":"","time":"2023-02-04 22:26:16"}
{"level":"info","msg":"","time":"2023-02-04 22:26:16"}
{"level":"info","msg":"","time":"2023-02-04 22:26:16"}
{"level":"info","msg":"","time":"2023-02-04 22:26:16"}
{"level":"info","msg":"tracer1111:%v7d3ce2cf1815a926:7d3ce2cf1815a926:0000000000000000:1","requestId":"","time":"2023-02-04 22:26:22"}
{"level":"info","msg":"{\"affectedrow\":1,\"duration\":7.46,\"level\":\"debug\",\"module\":\"gorm\",\"requestId\":null,\"sql\":\"SELECT * FROM `config`  WHERE (`key` = 'track_threshold')\",\"time\":\"2023-02-04 22:26:22\"}","time":"2023-02-04 22:26:22"}
{"clientIp":"127.0.0.1","dataLength":83,"handle":"github.com/basegin/controller.GetConfig","httpCode":200,"latency":8,"level":"info","method":"POST","msg":"{\"returnCode\":0,\"returnMsg\":\"succ\",\"returnUserMsg\":\"成功\",\"data\":{\"value\":\"0.8\"}}","referer":"","requestBody":"key=track_threshold","requestId":"7d3ce2cf1815a926:7d3ce2cf1815a926:0000000000000000:1","requestPath":"/api/getConfig","retCode":0,"time":"2023-02-04 22:26:22","type":"http","userAgent":"PostmanRuntime/7.30.1"}
{"level":"info","msg":"","time":"2023-02-04 22:36:09"}
{"level":"info","msg":"","time":"2023-02-04 22:36:09"}
{"level":"info","msg":"","time":"2023-02-04 22:36:09"}
{"level":"info","msg":"","time":"2023-02-04 22:36:09"}
{"level":"info","msg":"","time":"2023-02-04 22:36:09"}
{"level":"info","msg":"","time":"2023-02-04 22:36:09"}
{"level":"info","msg":"","time":"2023-02-04 22:36:09"}
{"level":"info","msg":"","time":"2023-02-04 22:36:09"}
{"level":"info","msg":"","time":"2023-02-04 22:36:09"}
{"level":"info","msg":"","time":"2023-02-04 22:36:09"}
{"level":"info","msg":"tracer1111:%v34d7b2db48db3486:34d7b2db48db3486:0000000000000000:1","requestId":"","time":"2023-02-04 22:36:15"}
{"level":"info","msg":"{\"affectedrow\":1,\"duration\":7.77,\"level\":\"debug\",\"module\":\"gorm\",\"requestId\":null,\"sql\":\"SELECT * FROM `config`  WHERE (`key` = 'track_threshold')\",\"time\":\"2023-02-04 22:36:15\"}","time":"2023-02-04 22:36:15"}
{"clientIp":"127.0.0.1","dataLength":83,"handle":"github.com/basegin/controller.GetConfig","httpCode":200,"latency":9,"level":"info","method":"POST","msg":"{\"returnCode\":0,\"returnMsg\":\"succ\",\"returnUserMsg\":\"成功\",\"data\":{\"value\":\"0.8\"}}","referer":"","requestBody":"key=track_threshold","requestId":"34d7b2db48db3486:34d7b2db48db3486:0000000000000000:1","requestPath":"/api/getConfig","retCode":0,"time":"2023-02-04 22:36:15","type":"http","userAgent":"PostmanRuntime/7.30.1"}
{"level":"info","msg":"","time":"2023-02-04 22:38:31"}
{"level":"info","msg":"","time":"2023-02-04 22:38:31"}
{"level":"info","msg":"","time":"2023-02-04 22:38:31"}
{"level":"info","msg":"","time":"2023-02-04 22:38:31"}
{"level":"info","msg":"","time":"2023-02-04 22:38:31"}
{"level":"info","msg":"","time":"2023-02-04 22:38:31"}
{"level":"info","msg":"","time":"2023-02-04 22:38:31"}
{"level":"info","msg":"","time":"2023-02-04 22:38:31"}
{"level":"info","msg":"","time":"2023-02-04 22:38:31"}
{"level":"info","msg":"","time":"2023-02-04 22:38:31"}
{"level":"info","msg":"tracer1111:%v3dbb8023e9123d4d:3dbb8023e9123d4d:0000000000000000:1","requestId":"","time":"2023-02-04 22:38:37"}
{"level":"info","msg":"{\"affectedrow\":1,\"duration\":6.69,\"level\":\"debug\",\"module\":\"gorm\",\"requestId\":null,\"sql\":\"SELECT * FROM `config`  WHERE (`key` = 'track_threshold')\",\"time\":\"2023-02-04 22:38:37\"}","time":"2023-02-04 22:38:37"}
{"clientIp":"127.0.0.1","dataLength":83,"handle":"github.com/basegin/controller.GetConfig","httpCode":200,"latency":8,"level":"info","method":"POST","msg":"{\"returnCode\":0,\"returnMsg\":\"succ\",\"returnUserMsg\":\"成功\",\"data\":{\"value\":\"0.8\"}}","referer":"","requestBody":"key=track_threshold","requestId":"3dbb8023e9123d4d:3dbb8023e9123d4d:0000000000000000:1","requestPath":"/api/getConfig","retCode":0,"time":"2023-02-04 22:38:37","type":"http","userAgent":"PostmanRuntime/7.30.1"}
{"level":"info","msg":"","time":"2023-02-04 22:42:54"}
{"level":"info","msg":"","time":"2023-02-04 22:42:54"}
{"level":"info","msg":"","time":"2023-02-04 22:42:54"}
{"level":"info","msg":"","time":"2023-02-04 22:42:54"}
{"level":"info","msg":"","time":"2023-02-04 22:42:54"}
{"level":"info","msg":"","time":"2023-02-04 22:42:54"}
{"level":"info","msg":"","time":"2023-02-04 22:42:54"}
{"level":"info","msg":"","time":"2023-02-04 22:42:54"}
{"level":"info","msg":"","time":"2023-02-04 22:42:54"}
{"level":"info","msg":"","time":"2023-02-04 22:42:54"}
{"level":"info","msg":"tracer1111:%v6c685cd5fa46ee0f:6c685cd5fa46ee0f:0000000000000000:1","requestId":"","time":"2023-02-04 22:43:00"}
{"level":"info","msg":"{\"affectedrow\":1,\"duration\":32.54,\"level\":\"debug\",\"module\":\"gorm\",\"requestId\":null,\"sql\":\"SELECT * FROM `config`  WHERE (`key` = 'track_threshold')\",\"time\":\"2023-02-04 22:43:01\"}","time":"2023-02-04 22:43:01"}
{"clientIp":"127.0.0.1","dataLength":83,"handle":"github.com/basegin/controller.GetConfig","httpCode":200,"latency":35,"level":"info","method":"POST","msg":"{\"returnCode\":0,\"returnMsg\":\"succ\",\"returnUserMsg\":\"成功\",\"data\":{\"value\":\"0.8\"}}","referer":"","requestBody":"key=track_threshold","requestId":"6c685cd5fa46ee0f:6c685cd5fa46ee0f:0000000000000000:1","requestPath":"/api/getConfig","retCode":0,"time":"2023-02-04 22:43:01","type":"http","userAgent":"PostmanRuntime/7.30.1"}
{"level":"info","msg":"","time":"2023-02-04 22:44:05"}
{"level":"info","msg":"","time":"2023-02-04 22:44:05"}
{"level":"info","msg":"","time":"2023-02-04 22:44:05"}
{"level":"info","msg":"","time":"2023-02-04 22:44:05"}
{"level":"info","msg":"","time":"2023-02-04 22:44:05"}
{"level":"info","msg":"","time":"2023-02-04 22:44:05"}
{"level":"info","msg":"","time":"2023-02-04 22:44:05"}
{"level":"info","msg":"","time":"2023-02-04 22:44:05"}
{"level":"info","msg":"","time":"2023-02-04 22:44:05"}
{"level":"info","msg":"","time":"2023-02-04 22:44:05"}
{"level":"info","msg":"tracer1111:%v53662d4cc803815d:53662d4cc803815d:0000000000000000:1","requestId":"","time":"2023-02-04 22:44:13"}
{"level":"info","msg":"{\"affectedrow\":1,\"duration\":11.69,\"level\":\"debug\",\"module\":\"gorm\",\"requestId\":null,\"sql\":\"SELECT * FROM `config`  WHERE (`key` = 'track_threshold')\",\"time\":\"2023-02-04 22:44:13\"}","time":"2023-02-04 22:44:13"}
{"clientIp":"127.0.0.1","dataLength":83,"handle":"github.com/basegin/controller.GetConfig","httpCode":200,"latency":13,"level":"info","method":"POST","msg":"{\"returnCode\":0,\"returnMsg\":\"succ\",\"returnUserMsg\":\"成功\",\"data\":{\"value\":\"0.8\"}}","referer":"","requestBody":"key=track_threshold","requestId":"53662d4cc803815d:53662d4cc803815d:0000000000000000:1","requestPath":"/api/getConfig","retCode":0,"time":"2023-02-04 22:44:13","type":"http","userAgent":"PostmanRuntime/7.30.1"}
{"level":"info","msg":"","time":"2023-02-04 22:48:54"}
{"level":"info","msg":"","time":"2023-02-04 22:48:54"}
{"level":"info","msg":"","time":"2023-02-04 22:48:54"}
{"level":"info","msg":"","time":"2023-02-04 22:48:54"}
{"level":"info","msg":"","time":"2023-02-04 22:48:54"}
{"level":"info","msg":"","time":"2023-02-04 22:48:54"}
{"level":"info","msg":"","time":"2023-02-04 22:48:54"}
{"level":"info","msg":"","time":"2023-02-04 22:48:54"}
{"level":"info","msg":"","time":"2023-02-04 22:48:54"}
{"level":"info","msg":"","time":"2023-02-04 22:48:54"}
{"level":"info","msg":"tracer1111:%v5bf433750458352a:5bf433750458352a:0000000000000000:1","requestId":"","time":"2023-02-04 22:49:51"}
{"level":"info","msg":"{\"affectedrow\":1,\"duration\":13.61,\"level\":\"debug\",\"module\":\"gorm\",\"requestId\":\"5bf433750458352a:5bf433750458352a:0000000000000000:1\",\"sql\":\"SELECT * FROM `config`  WHERE (`key` = 'track_threshold')\",\"time\":\"2023-02-04 22:49:51\"}","time":"2023-02-04 22:49:51"}
{"clientIp":"127.0.0.1","dataLength":83,"handle":"github.com/basegin/controller.GetConfig","httpCode":200,"latency":15,"level":"info","method":"POST","msg":"{\"returnCode\":0,\"returnMsg\":\"succ\",\"returnUserMsg\":\"成功\",\"data\":{\"value\":\"0.8\"}}","referer":"","requestBody":"key=track_threshold","requestId":"5bf433750458352a:5bf433750458352a:0000000000000000:1","requestPath":"/api/getConfig","retCode":0,"time":"2023-02-04 22:49:51","type":"http","userAgent":"PostmanRuntime/7.30.1"}
{"level":"info","msg":"","time":"2023-02-04 22:57:30"}
{"level":"info","msg":"","time":"2023-02-04 22:57:30"}
{"level":"info","msg":"","time":"2023-02-04 22:57:30"}
{"level":"info","msg":"","time":"2023-02-04 22:57:30"}
{"level":"info","msg":"","time":"2023-02-04 22:57:30"}
{"level":"info","msg":"","time":"2023-02-04 22:57:30"}
{"level":"info","msg":"","time":"2023-02-04 22:57:30"}
{"level":"info","msg":"","time":"2023-02-04 22:57:30"}
{"level":"info","msg":"","time":"2023-02-04 22:57:30"}
{"level":"info","msg":"","time":"2023-02-04 22:57:30"}
{"level":"info","msg":"","time":"2023-02-04 22:57:52"}
{"level":"info","msg":"","time":"2023-02-04 22:57:52"}
{"level":"info","msg":"","time":"2023-02-04 22:57:52"}
{"level":"info","msg":"","time":"2023-02-04 22:57:52"}
{"level":"info","msg":"","time":"2023-02-04 22:57:52"}
{"level":"info","msg":"","time":"2023-02-04 22:57:52"}
{"level":"info","msg":"","time":"2023-02-04 22:57:52"}
{"level":"info","msg":"","time":"2023-02-04 22:57:52"}
{"level":"info","msg":"","time":"2023-02-04 22:57:52"}
{"level":"info","msg":"","time":"2023-02-04 22:57:52"}
{"level":"info","msg":"tracer1111:%v39f9240e74bc5d3d:39f9240e74bc5d3d:0000000000000000:1","requestId":"","time":"2023-02-04 22:58:15"}
{"level":"info","msg":"{\"affectedrow\":1,\"duration\":6.65,\"level\":\"debug\",\"module\":\"gorm\",\"requestId\":\"39f9240e74bc5d3d:39f9240e74bc5d3d:0000000000000000:1\",\"sql\":\"SELECT * FROM `config`  WHERE (`key` = 'track_threshold')\",\"time\":\"2023-02-04 22:58:15\"}","time":"2023-02-04 22:58:15"}
{"clientIp":"127.0.0.1","dataLength":83,"handle":"github.com/basegin/controller.GetConfig","httpCode":200,"latency":8,"level":"info","method":"POST","msg":"{\"returnCode\":0,\"returnMsg\":\"succ\",\"returnUserMsg\":\"成功\",\"data\":{\"value\":\"0.8\"}}","referer":"","requestBody":"key=track_threshold","requestId":"39f9240e74bc5d3d:39f9240e74bc5d3d:0000000000000000:1","requestPath":"/api/getConfig","retCode":0,"time":"2023-02-04 22:58:15","type":"http","userAgent":"PostmanRuntime/7.30.1"}
{"level":"info","msg":"","time":"2023-02-04 23:00:37"}
{"level":"info","msg":"","time":"2023-02-04 23:00:37"}
{"level":"info","msg":"","time":"2023-02-04 23:00:37"}
{"level":"info","msg":"","time":"2023-02-04 23:00:37"}
{"level":"info","msg":"","time":"2023-02-04 23:00:37"}
{"level":"info","msg":"","time":"2023-02-04 23:00:37"}
{"level":"info","msg":"","time":"2023-02-04 23:00:37"}
{"level":"info","msg":"","time":"2023-02-04 23:00:37"}
{"level":"info","msg":"","time":"2023-02-04 23:00:37"}
{"level":"info","msg":"","time":"2023-02-04 23:00:37"}
{"level":"info","msg":"tracer1111:%v2ae1723addf82c6f:2ae1723addf82c6f:0000000000000000:1","requestId":"","time":"2023-02-04 23:00:44"}
{"level":"info","msg":"{\"affectedrow\":1,\"duration\":7.06,\"level\":\"debug\",\"module\":\"gorm\",\"requestId\":\"2ae1723addf82c6f:2ae1723addf82c6f:0000000000000000:1\",\"sql\":\"SELECT * FROM `config`  WHERE (`key` = 'track_threshold')\",\"time\":\"2023-02-04 23:00:44\"}","time":"2023-02-04 23:00:44"}
{"clientIp":"127.0.0.1","dataLength":83,"handle":"github.com/basegin/controller.GetConfig","httpCode":200,"latency":8,"level":"info","method":"POST","msg":"{\"returnCode\":0,\"returnMsg\":\"succ\",\"returnUserMsg\":\"成功\",\"data\":{\"value\":\"0.8\"}}","referer":"","requestBody":"key=track_threshold","requestId":"2ae1723addf82c6f:2ae1723addf82c6f:0000000000000000:1","requestPath":"/api/getConfig","retCode":0,"time":"2023-02-04 23:00:44","type":"http","userAgent":"PostmanRuntime/7.30.1"}
