{"file":"/Users/liyanan/go/src/github.com/basegin/base/logger/logger.go:175","func":"github.com/basegin/base/logger.InfoLogger","level":"info","msg":"hahahahahha","requestId":"","time":"2023-01-30 17:13:04"}
time="2023-01-30T17:13:04+08:00" level=info msg=hahahahahha func=github.com/basegin/base/logger.InfoLogger file="/Users/liyanan/go/src/github.com/basegin/base/logger/logger.go:175" requestId=
{"file":"/Users/liyanan/go/src/github.com/basegin/base/logger.go:175","func":"github.com/basegin/base.InfoLogger","level":"info","msg":"hahahahahha","requestId":"2574f16f225ee1ef:2574f16f225ee1ef:0000000000000000:1","time":"2023-01-30 18:03:22"}
time="2023-01-30T18:03:22+08:00" level=info msg=hahahahahha func=github.com/basegin/base.InfoLogger file="/Users/liyanan/go/src/github.com/basegin/base/logger.go:175" requestId="2574f16f225ee1ef:2574f16f225ee1ef:0000000000000000:1"
{"file":"/Users/liyanan/go/src/github.com/basegin/base/logger.go:175","func":"github.com/basegin/base.InfoLogger","level":"info","msg":"hahahahahha","requestId":"16a3ce80017dc79a:16a3ce80017dc79a:0000000000000000:1","time":"2023-01-30 18:09:44"}
time="2023-01-30T18:09:44+08:00" level=info msg=hahahahahha func=github.com/basegin/base.InfoLogger file="/Users/liyanan/go/src/github.com/basegin/base/logger.go:175" requestId="16a3ce80017dc79a:16a3ce80017dc79a:0000000000000000:1"
{"file":"/Users/liyanan/go/src/github.com/basegin/base/log/bootstrap.go:27","func":"github.com/basegin/base/log.Bootstrap","level":"error","msg":"","time":"2023-01-30 18:55:20"}
time="2023-01-30T18:55:20+08:00" level=error func=github.com/basegin/base/log.Bootstrap file="/Users/liyanan/go/src/github.com/basegin/base/log/bootstrap.go:27"
{"file":"/Users/liyanan/go/src/github.com/basegin/base/log/bootstrap.go:27","func":"github.com/basegin/base/log.Bootstrap","level":"error","msg":"","time":"2023-01-30 18:56:34"}
time="2023-01-30T18:56:34+08:00" level=error func=github.com/basegin/base/log.Bootstrap file="/Users/liyanan/go/src/github.com/basegin/base/log/bootstrap.go:27"

{"file":"/Users/liyanan/go/src/github.com/basegin/base/log/logger.go:178","func":"github.com/basegin/base/log.InfoLogger","level":"info","msg":"hahahahahha","requestId":"57413e2ae61a1eca:57413e2ae61a1eca:0000000000000000:1","time":"2023-01-30 18:59:44"}
time="2023-01-30T18:59:44+08:00" level=info msg=hahahahahha func=github.com/basegin/base/log.InfoLogger file="/Users/liyanan/go/src/github.com/basegin/base/log/logger.go:178" requestId="57413e2ae61a1eca:57413e2ae61a1eca:0000000000000000:1"
{"file":"/Users/liyanan/go/src/github.com/basegin/base/log/bootstrap.go:27","func":"github.com/basegin/base/log.Bootstrap","level":"error","msg":"","time":"2023-01-30 19:01:29"}
time="2023-01-30T19:01:29+08:00" level=error func=github.com/basegin/base/log.Bootstrap file="/Users/liyanan/go/src/github.com/basegin/base/log/bootstrap.go:27"
{"file":"/Users/liyanan/go/src/github.com/basegin/base/log/logger.go:178","func":"github.com/basegin/base/log.InfoLogger","level":"info","msg":"hahahahahha","requestId":"009c5cc01c4ad962:009c5cc01c4ad962:0000000000000000:1","time":"2023-01-30 19:01:41"}
time="2023-01-30T19:01:41+08:00" level=info msg=hahahahahha func=github.com/basegin/base/log.InfoLogger file="/Users/liyanan/go/src/github.com/basegin/base/log/logger.go:178" requestId="009c5cc01c4ad962:009c5cc01c4ad962:0000000000000000:1"
{"file":"/Users/liyanan/go/src/github.com/basegin/base/log/logger.go:189","func":"github.com/basegin/base/log.InfofLogger","level":"info","msg":"config：{Server:{Port:0} DB:{Name: Username: Password:}}","requestId":"009c5cc01c4ad962:009c5cc01c4ad962:0000000000000000:1","time":"2023-01-30 19:01:41"}
time="2023-01-30T19:01:41+08:00" level=info msg="config：{Server:{Port:0} DB:{Name: Username: Password:}}" func=github.com/basegin/base/log.InfofLogger file="/Users/liyanan/go/src/github.com/basegin/base/log/logger.go:189" requestId="009c5cc01c4ad962:009c5cc01c4ad962:0000000000000000:1"
{"file":"/Users/liyanan/go/src/github.com/basegin/base/log/logger.go:178","func":"github.com/basegin/base/log.InfoLogger","level":"info","msg":"hahahahahha","requestId":"4ac7b6619f1c582d:4ac7b6619f1c582d:0000000000000000:1","time":"2023-01-30 19:02:58"}
time="2023-01-30T19:02:58+08:00" level=info msg=hahahahahha func=github.com/basegin/base/log.InfoLogger file="/Users/liyanan/go/src/github.com/basegin/base/log/logger.go:178" requestId="4ac7b6619f1c582d:4ac7b6619f1c582d:0000000000000000:1"
{"file":"/Users/liyanan/go/src/github.com/basegin/base/log/logger.go:189","func":"github.com/basegin/base/log.InfofLogger","level":"info","msg":"config：{Server:{Port:0} DB:{Name: Username: Password:}}","requestId":"4ac7b6619f1c582d:4ac7b6619f1c582d:0000000000000000:1","time":"2023-01-30 19:02:58"}
time="2023-01-30T19:02:58+08:00" level=info msg="config：{Server:{Port:0} DB:{Name: Username: Password:}}" func=github.com/basegin/base/log.InfofLogger file="/Users/liyanan/go/src/github.com/basegin/base/log/logger.go:189" requestId="4ac7b6619f1c582d:4ac7b6619f1c582d:0000000000000000:1"
{"file":"/Users/liyanan/go/src/github.com/basegin/base/log/bootstrap.go:27","func":"github.com/basegin/base/log.Bootstrap","level":"error","msg":"","time":"2023-01-30 19:04:42"}
time="2023-01-30T19:04:42+08:00" level=error func=github.com/basegin/base/log.Bootstrap file="/Users/liyanan/go/src/github.com/basegin/base/log/bootstrap.go:27"
{"file":"/Users/liyanan/go/src/github.com/basegin/base/log/logger.go:178","func":"github.com/basegin/base/log.InfoLogger","level":"info","msg":"hahahahahha","requestId":"4e4e0a05632d77ca:4e4e0a05632d77ca:0000000000000000:1","time":"2023-01-30 19:04:53"}
time="2023-01-30T19:04:53+08:00" level=info msg=hahahahahha func=github.com/basegin/base/log.InfoLogger file="/Users/liyanan/go/src/github.com/basegin/base/log/logger.go:178" requestId="4e4e0a05632d77ca:4e4e0a05632d77ca:0000000000000000:1"
{"file":"/Users/liyanan/go/src/github.com/basegin/base/log/logger.go:189","func":"github.com/basegin/base/log.InfofLogger","level":"info","msg":"config：{Server:{Port:0} DB:{Name: Username: Password:}}","requestId":"4e4e0a05632d77ca:4e4e0a05632d77ca:0000000000000000:1","time":"2023-01-30 19:04:53"}
time="2023-01-30T19:04:53+08:00" level=info msg="config：{Server:{Port:0} DB:{Name: Username: Password:}}" func=github.com/basegin/base/log.InfofLogger file="/Users/liyanan/go/src/github.com/basegin/base/log/logger.go:189" requestId="4e4e0a05632d77ca:4e4e0a05632d77ca:0000000000000000:1"
{"file":"/Users/liyanan/go/src/github.com/basegin/base/log/bootstrap.go:27","func":"github.com/basegin/base/log.Bootstrap","level":"error","msg":"","time":"2023-01-30 19:05:54"}
time="2023-01-30T19:05:54+08:00" level=error func=github.com/basegin/base/log.Bootstrap file="/Users/liyanan/go/src/github.com/basegin/base/log/bootstrap.go:27"
{"file":"/Users/liyanan/go/src/github.com/basegin/base/log/logger.go:178","func":"github.com/basegin/base/log.InfoLogger","level":"info","msg":"hahahahahha","requestId":"429722d956957417:429722d956957417:0000000000000000:1","time":"2023-01-30 19:05:58"}
time="2023-01-30T19:05:58+08:00" level=info msg=hahahahahha func=github.com/basegin/base/log.InfoLogger file="/Users/liyanan/go/src/github.com/basegin/base/log/logger.go:178" requestId="429722d956957417:429722d956957417:0000000000000000:1"
{"file":"/Users/liyanan/go/src/github.com/basegin/base/log/logger.go:189","func":"github.com/basegin/base/log.InfofLogger","level":"info","msg":"config：{Server:{Port:0} DB:{Name: Username: Password:}}","requestId":"429722d956957417:429722d956957417:0000000000000000:1","time":"2023-01-30 19:05:58"}
time="2023-01-30T19:05:58+08:00" level=info msg="config：{Server:{Port:0} DB:{Name: Username: Password:}}" func=github.com/basegin/base/log.InfofLogger file="/Users/liyanan/go/src/github.com/basegin/base/log/logger.go:189" requestId="429722d956957417:429722d956957417:0000000000000000:1"
