{"level":"info","msg":"","time":"2023-02-05 10:55:43"}
{"level":"info","msg":"","time":"2023-02-05 10:55:43"}
{"level":"info","msg":"","time":"2023-02-05 10:55:43"}
{"level":"info","msg":"","time":"2023-02-05 10:55:43"}
{"level":"info","msg":"","time":"2023-02-05 10:55:43"}
{"level":"info","msg":"","time":"2023-02-05 10:55:43"}
{"level":"info","msg":"","time":"2023-02-05 10:55:43"}
{"level":"info","msg":"","time":"2023-02-05 10:55:43"}
{"level":"info","msg":"","time":"2023-02-05 10:55:43"}
{"level":"info","msg":"","time":"2023-02-05 10:55:43"}
{"clientIp":"127.0.0.1","dataLength":83,"handle":"github.com/basegin/controller.GetConfig","httpCode":200,"latency":16,"level":"info","method":"POST","msg":"{\"returnCode\":0,\"returnMsg\":\"succ\",\"returnUserMsg\":\"成功\",\"data\":{\"value\":\"0.8\"}}","referer":"","requestBody":"key=track_threshold","requestId":"21b332256264df9d:21b332256264df9d:0000000000000000:1","requestPath":"/api/getConfig","retCode":0,"time":"2023-02-05 10:55:50","type":"http","userAgent":"PostmanRuntime/7.30.1"}
{"level":"info","msg":"","time":"2023-02-05 10:56:13"}
{"level":"info","msg":"","time":"2023-02-05 10:56:13"}
{"level":"info","msg":"","time":"2023-02-05 10:56:13"}
{"level":"info","msg":"","time":"2023-02-05 10:56:13"}
{"level":"info","msg":"","time":"2023-02-05 10:56:13"}
{"level":"info","msg":"","time":"2023-02-05 10:56:13"}
{"level":"info","msg":"","time":"2023-02-05 10:56:13"}
{"level":"info","msg":"","time":"2023-02-05 10:56:13"}
{"level":"info","msg":"","time":"2023-02-05 10:56:13"}
{"level":"info","msg":"","time":"2023-02-05 10:56:13"}
{"level":"info","msg":"{\"affectedrow\":1,\"duration\":9.01,\"level\":\"debug\",\"module\":\"gorm\",\"requestId\":\"05cf3ca57d862bfb:05cf3ca57d862bfb:0000000000000000:1\",\"sql\":\"SELECT * FROM `config`  WHERE (`key` = 'track_threshold')\",\"time\":\"2023-02-05 10:56:19\"}","time":"2023-02-05 10:56:19"}
{"clientIp":"127.0.0.1","dataLength":83,"handle":"github.com/basegin/controller.GetConfig","httpCode":200,"latency":10,"level":"info","method":"POST","msg":"{\"returnCode\":0,\"returnMsg\":\"succ\",\"returnUserMsg\":\"成功\",\"data\":{\"value\":\"0.8\"}}","referer":"","requestBody":"key=track_threshold","requestId":"05cf3ca57d862bfb:05cf3ca57d862bfb:0000000000000000:1","requestPath":"/api/getConfig","retCode":0,"time":"2023-02-05 10:56:19","type":"http","userAgent":"PostmanRuntime/7.30.1"}
{"level":"info","msg":"","time":"2023-02-05 10:56:38"}
{"level":"info","msg":"","time":"2023-02-05 10:56:38"}
{"level":"info","msg":"","time":"2023-02-05 10:56:38"}
{"level":"info","msg":"","time":"2023-02-05 10:56:38"}
{"level":"info","msg":"","time":"2023-02-05 10:56:38"}
{"level":"info","msg":"","time":"2023-02-05 10:56:38"}
{"level":"info","msg":"","time":"2023-02-05 10:56:38"}
{"level":"info","msg":"","time":"2023-02-05 10:56:38"}
{"level":"info","msg":"","time":"2023-02-05 10:56:38"}
{"level":"info","msg":"","time":"2023-02-05 10:56:38"}
{"clientIp":"127.0.0.1","dataLength":83,"handle":"github.com/basegin/controller.GetConfig","httpCode":200,"latency":12,"level":"info","method":"POST","msg":"{\"returnCode\":0,\"returnMsg\":\"succ\",\"returnUserMsg\":\"成功\",\"data\":{\"value\":\"0.8\"}}","referer":"","requestBody":"key=track_threshold","requestId":"272dac3c66c6da96:272dac3c66c6da96:0000000000000000:1","requestPath":"/api/getConfig","retCode":0,"time":"2023-02-05 10:56:43","type":"http","userAgent":"PostmanRuntime/7.30.1"}
{"level":"info","msg":"","time":"2023-02-05 10:57:04"}
{"level":"info","msg":"","time":"2023-02-05 10:57:04"}
{"level":"info","msg":"","time":"2023-02-05 10:57:04"}
{"level":"info","msg":"","time":"2023-02-05 10:57:04"}
{"level":"info","msg":"","time":"2023-02-05 10:57:04"}
{"level":"info","msg":"","time":"2023-02-05 10:57:04"}
{"level":"info","msg":"","time":"2023-02-05 10:57:04"}
{"level":"info","msg":"","time":"2023-02-05 10:57:04"}
{"level":"info","msg":"","time":"2023-02-05 10:57:04"}
{"level":"info","msg":"","time":"2023-02-05 10:57:04"}
{"level":"info","msg":"{\"affectedrow\":1,\"duration\":10.54,\"level\":\"debug\",\"module\":\"gorm\",\"requestId\":\"1f6f9f067f5a67c7:1f6f9f067f5a67c7:0000000000000000:1\",\"sql\":\"SELECT * FROM `config`  WHERE (`key` = 'track_threshold')\",\"time\":\"2023-02-05 10:57:20\"}","time":"2023-02-05 10:57:20"}
{"clientIp":"127.0.0.1","dataLength":83,"handle":"github.com/basegin/controller.GetConfig","httpCode":200,"latency":14,"level":"info","method":"POST","msg":"{\"returnCode\":0,\"returnMsg\":\"succ\",\"returnUserMsg\":\"成功\",\"data\":{\"value\":\"0.8\"}}","referer":"","requestBody":"key=track_threshold","requestId":"1f6f9f067f5a67c7:1f6f9f067f5a67c7:0000000000000000:1","requestPath":"/api/getConfig","retCode":0,"time":"2023-02-05 10:57:20","type":"http","userAgent":"PostmanRuntime/7.30.1"}
{"level":"info","msg":"{\"affectedrow\":1,\"duration\":8.54,\"level\":\"debug\",\"module\":\"gorm\",\"requestId\":\"1684c2798735fb32:1684c2798735fb32:0000000000000000:1\",\"sql\":\"SELECT * FROM `config`  WHERE (`key` = 'track_threshold')\",\"time\":\"2023-02-05 10:57:31\"}","time":"2023-02-05 10:57:31"}
{"clientIp":"127.0.0.1","dataLength":83,"handle":"github.com/basegin/controller.GetConfig","httpCode":200,"latency":9,"level":"info","method":"POST","msg":"{\"returnCode\":0,\"returnMsg\":\"succ\",\"returnUserMsg\":\"成功\",\"data\":{\"value\":\"0.8\"}}","referer":"","requestBody":"key=track_threshold","requestId":"1684c2798735fb32:1684c2798735fb32:0000000000000000:1","requestPath":"/api/getConfig","retCode":0,"time":"2023-02-05 10:57:31","type":"http","userAgent":"PostmanRuntime/7.30.1"}
{"level":"info","msg":"{\"affectedrow\":1,\"duration\":9.15,\"level\":\"debug\",\"module\":\"gorm\",\"requestId\":\"12fcb6c66c8cbb3a:12fcb6c66c8cbb3a:0000000000000000:1\",\"sql\":\"SELECT * FROM `config`  WHERE (`key` = 'track_threshold')\",\"time\":\"2023-02-05 10:57:39\"}","time":"2023-02-05 10:57:39"}
{"clientIp":"127.0.0.1","dataLength":83,"handle":"github.com/basegin/controller.GetConfig","httpCode":200,"latency":10,"level":"info","method":"POST","msg":"{\"returnCode\":0,\"returnMsg\":\"succ\",\"returnUserMsg\":\"成功\",\"data\":{\"value\":\"0.8\"}}","referer":"","requestBody":"key=track_threshold","requestId":"12fcb6c66c8cbb3a:12fcb6c66c8cbb3a:0000000000000000:1","requestPath":"/api/getConfig","retCode":0,"time":"2023-02-05 10:57:39","type":"http","userAgent":"PostmanRuntime/7.30.1"}
{"level":"info","msg":"{\"affectedrow\":1,\"duration\":20.74,\"level\":\"debug\",\"module\":\"gorm\",\"requestId\":\"5c1f40dbc5d87ff8:5c1f40dbc5d87ff8:0000000000000000:1\",\"sql\":\"SELECT * FROM `config`  WHERE (`key` = 'track_threshold')\",\"time\":\"2023-02-05 11:07:21\"}","time":"2023-02-05 11:07:21"}
{"clientIp":"127.0.0.1","dataLength":83,"handle":"github.com/basegin/controller.GetConfig","httpCode":200,"latency":22,"level":"info","method":"POST","msg":"{\"returnCode\":0,\"returnMsg\":\"succ\",\"returnUserMsg\":\"成功\",\"data\":{\"value\":\"0.8\"}}","referer":"","requestBody":"key=track_threshold","requestId":"5c1f40dbc5d87ff8:5c1f40dbc5d87ff8:0000000000000000:1","requestPath":"/api/getConfig","retCode":0,"time":"2023-02-05 11:07:21","type":"http","userAgent":"PostmanRuntime/7.30.1"}
{"level":"info","msg":"{\"affectedrow\":1,\"duration\":22.36,\"level\":\"debug\",\"module\":\"gorm\",\"requestId\":\"6fa1b682abea7058:6fa1b682abea7058:0000000000000000:1\",\"sql\":\"SELECT * FROM `config`  WHERE (`key` = 'track_threshold')\",\"time\":\"2023-02-05 11:08:18\"}","time":"2023-02-05 11:08:18"}
{"clientIp":"127.0.0.1","dataLength":83,"handle":"github.com/basegin/controller.GetConfig","httpCode":200,"latency":23,"level":"info","method":"POST","msg":"{\"returnCode\":0,\"returnMsg\":\"succ\",\"returnUserMsg\":\"成功\",\"data\":{\"value\":\"0.8\"}}","referer":"","requestBody":"key=track_threshold","requestId":"6fa1b682abea7058:6fa1b682abea7058:0000000000000000:1","requestPath":"/api/getConfig","retCode":0,"time":"2023-02-05 11:08:18","type":"http","userAgent":"PostmanRuntime/7.30.1"}
{"level":"info","msg":"","time":"2023-02-05 11:08:34"}
{"level":"info","msg":"","time":"2023-02-05 11:08:34"}
{"level":"info","msg":"","time":"2023-02-05 11:08:34"}
{"level":"info","msg":"","time":"2023-02-05 11:08:34"}
{"level":"info","msg":"","time":"2023-02-05 11:08:34"}
{"level":"info","msg":"","time":"2023-02-05 11:08:34"}
{"level":"info","msg":"","time":"2023-02-05 11:08:34"}
{"level":"info","msg":"","time":"2023-02-05 11:08:34"}
{"level":"info","msg":"","time":"2023-02-05 11:08:34"}
{"level":"info","msg":"","time":"2023-02-05 11:08:34"}
{"clientIp":"127.0.0.1","dataLength":83,"handle":"github.com/basegin/controller.GetConfig","httpCode":200,"latency":8,"level":"info","method":"POST","msg":"{\"returnCode\":0,\"returnMsg\":\"succ\",\"returnUserMsg\":\"成功\",\"data\":{\"value\":\"0.8\"}}","referer":"","requestBody":"key=track_threshold","requestId":"5d2f184ce3dc725b:5d2f184ce3dc725b:0000000000000000:1","requestPath":"/api/getConfig","retCode":0,"time":"2023-02-05 11:08:39","type":"http","userAgent":"PostmanRuntime/7.30.1"}
{"clientIp":"127.0.0.1","dataLength":83,"handle":"github.com/basegin/controller.GetConfig","httpCode":200,"latency":16,"level":"info","method":"POST","msg":"{\"returnCode\":0,\"returnMsg\":\"succ\",\"returnUserMsg\":\"成功\",\"data\":{\"value\":\"0.8\"}}","referer":"","requestBody":"key=track_threshold","requestId":"25de6e4f82fa6092:25de6e4f82fa6092:0000000000000000:1","requestPath":"/api/getConfig","retCode":0,"time":"2023-02-05 11:12:09","type":"http","userAgent":"PostmanRuntime/7.30.1"}
{"level":"info","msg":"","time":"2023-02-05 11:13:18"}
{"level":"info","msg":"","time":"2023-02-05 11:13:18"}
{"level":"info","msg":"","time":"2023-02-05 11:13:18"}
{"level":"info","msg":"","time":"2023-02-05 11:13:18"}
{"level":"info","msg":"","time":"2023-02-05 11:13:18"}
{"level":"info","msg":"","time":"2023-02-05 11:13:18"}
{"level":"info","msg":"","time":"2023-02-05 11:13:18"}
{"level":"info","msg":"","time":"2023-02-05 11:13:18"}
{"level":"info","msg":"","time":"2023-02-05 11:13:18"}
{"level":"info","msg":"","time":"2023-02-05 11:13:18"}
{"clientIp":"127.0.0.1","dataLength":83,"handle":"github.com/basegin/controller.GetConfig","httpCode":200,"latency":11,"level":"info","method":"POST","msg":"{\"returnCode\":0,\"returnMsg\":\"succ\",\"returnUserMsg\":\"成功\",\"data\":{\"value\":\"0.8\"}}","referer":"","requestBody":"key=track_threshold","requestId":"60179c41dd6bc86d:60179c41dd6bc86d:0000000000000000:1","requestPath":"/api/getConfig","retCode":0,"time":"2023-02-05 11:13:30","type":"http","userAgent":"PostmanRuntime/7.30.1"}
{"clientIp":"127.0.0.1","dataLength":83,"handle":"github.com/basegin/controller.GetConfig","httpCode":200,"latency":8,"level":"info","method":"POST","msg":"{\"returnCode\":0,\"returnMsg\":\"succ\",\"returnUserMsg\":\"成功\",\"data\":{\"value\":\"0.8\"}}","referer":"","requestBody":"key=track_threshold","requestId":"4028ef78b8ac5dcb:4028ef78b8ac5dcb:0000000000000000:1","requestPath":"/api/getConfig","retCode":0,"time":"2023-02-05 11:13:39","type":"http","userAgent":"PostmanRuntime/7.30.1"}
{"clientIp":"127.0.0.1","dataLength":83,"handle":"github.com/basegin/controller.GetConfig","httpCode":200,"latency":31,"level":"info","method":"POST","msg":"{\"returnCode\":0,\"returnMsg\":\"succ\",\"returnUserMsg\":\"成功\",\"data\":{\"value\":\"0.8\"}}","referer":"","requestBody":"key=track_threshold","requestId":"6c3aac66c9e2a889:6c3aac66c9e2a889:0000000000000000:1","requestPath":"/api/getConfig","retCode":0,"time":"2023-02-05 11:14:09","type":"http","userAgent":"PostmanRuntime/7.30.1"}
{"clientIp":"127.0.0.1","dataLength":83,"handle":"github.com/basegin/controller.GetConfig","httpCode":200,"latency":20,"level":"info","method":"POST","msg":"{\"returnCode\":0,\"returnMsg\":\"succ\",\"returnUserMsg\":\"成功\",\"data\":{\"value\":\"0.8\"}}","referer":"","requestBody":"key=track_threshold","requestId":"3dd72eb41c880e99:3dd72eb41c880e99:0000000000000000:1","requestPath":"/api/getConfig","retCode":0,"time":"2023-02-05 11:14:30","type":"http","userAgent":"PostmanRuntime/7.30.1"}
{"level":"info","msg":"","time":"2023-02-05 11:16:10"}
{"level":"info","msg":"","time":"2023-02-05 11:16:10"}
{"level":"info","msg":"","time":"2023-02-05 11:16:10"}
{"level":"info","msg":"","time":"2023-02-05 11:16:10"}
{"level":"info","msg":"","time":"2023-02-05 11:16:10"}
{"level":"info","msg":"","time":"2023-02-05 11:16:10"}
{"level":"info","msg":"","time":"2023-02-05 11:16:10"}
{"level":"info","msg":"","time":"2023-02-05 11:16:10"}
{"level":"info","msg":"","time":"2023-02-05 11:16:10"}
{"level":"info","msg":"","time":"2023-02-05 11:16:10"}
{"level":"info","msg":"{\"affectedrow\":1,\"duration\":15.26,\"level\":\"debug\",\"module\":\"gorm\",\"requestId\":\"0838207dedc4736c:0838207dedc4736c:0000000000000000:1\",\"sql\":\"SELECT * FROM `config`  WHERE (`key` = 'track_threshold')\",\"time\":\"2023-02-05 11:16:16\"}","time":"2023-02-05 11:16:16"}
{"clientIp":"127.0.0.1","dataLength":83,"handle":"github.com/basegin/controller.GetConfig","httpCode":200,"latency":16,"level":"info","method":"POST","msg":"{\"returnCode\":0,\"returnMsg\":\"succ\",\"returnUserMsg\":\"成功\",\"data\":{\"value\":\"0.8\"}}","referer":"","requestBody":"key=track_threshold","requestId":"0838207dedc4736c:0838207dedc4736c:0000000000000000:1","requestPath":"/api/getConfig","retCode":0,"time":"2023-02-05 11:16:16","type":"http","userAgent":"PostmanRuntime/7.30.1"}
{"level":"info","msg":"{\"affectedrow\":1,\"duration\":18.44,\"level\":\"debug\",\"module\":\"gorm\",\"requestId\":\"3edba4e42c670c2f:3edba4e42c670c2f:0000000000000000:1\",\"sql\":\"SELECT * FROM `config`  WHERE (`key` = 'track_threshold')\",\"time\":\"2023-02-05 11:17:16\"}","time":"2023-02-05 11:17:16"}
{"clientIp":"127.0.0.1","dataLength":83,"handle":"github.com/basegin/controller.GetConfig","httpCode":200,"latency":20,"level":"info","method":"POST","msg":"{\"returnCode\":0,\"returnMsg\":\"succ\",\"returnUserMsg\":\"成功\",\"data\":{\"value\":\"0.8\"}}","referer":"","requestBody":"key=track_threshold","requestId":"3edba4e42c670c2f:3edba4e42c670c2f:0000000000000000:1","requestPath":"/api/getConfig","retCode":0,"time":"2023-02-05 11:17:16","type":"http","userAgent":"PostmanRuntime/7.30.1"}
{"level":"info","msg":"","time":"2023-02-05 11:19:19"}
{"level":"info","msg":"","time":"2023-02-05 11:19:19"}
{"level":"info","msg":"","time":"2023-02-05 11:19:19"}
{"level":"info","msg":"","time":"2023-02-05 11:19:19"}
{"level":"info","msg":"","time":"2023-02-05 11:19:19"}
{"level":"info","msg":"","time":"2023-02-05 11:19:19"}
{"level":"info","msg":"","time":"2023-02-05 11:19:19"}
{"level":"info","msg":"","time":"2023-02-05 11:19:19"}
{"level":"info","msg":"","time":"2023-02-05 11:19:19"}
{"level":"info","msg":"","time":"2023-02-05 11:19:19"}
{"clientIp":"127.0.0.1","dataLength":83,"handle":"github.com/basegin/controller.GetConfig","httpCode":200,"latency":9,"level":"info","method":"POST","msg":"{\"returnCode\":0,\"returnMsg\":\"succ\",\"returnUserMsg\":\"成功\",\"data\":{\"value\":\"0.8\"}}","referer":"","requestBody":"key=track_threshold","requestId":"493007abed920173:493007abed920173:0000000000000000:1","requestPath":"/api/getConfig","retCode":0,"time":"2023-02-05 11:19:32","type":"http","userAgent":"PostmanRuntime/7.30.1"}
{"level":"info","msg":"","time":"2023-02-05 11:20:33"}
{"level":"info","msg":"","time":"2023-02-05 11:20:33"}
{"level":"info","msg":"","time":"2023-02-05 11:20:33"}
{"level":"info","msg":"","time":"2023-02-05 11:20:33"}
{"level":"info","msg":"","time":"2023-02-05 11:20:33"}
{"level":"info","msg":"","time":"2023-02-05 11:20:33"}
{"level":"info","msg":"","time":"2023-02-05 11:20:33"}
{"level":"info","msg":"","time":"2023-02-05 11:20:33"}
{"level":"info","msg":"","time":"2023-02-05 11:20:33"}
{"level":"info","msg":"","time":"2023-02-05 11:20:33"}
{"level":"info","msg":"{\"affectedrow\":1,\"duration\":11.69,\"level\":\"debug\",\"module\":\"gorm\",\"requestId\":\"3badab17075d835e:3badab17075d835e:0000000000000000:1\",\"sql\":\"SELECT * FROM `config`  WHERE (`key` = 'track_threshold')\",\"time\":\"2023-02-05 11:20:38\"}","time":"2023-02-05 11:20:38"}
{"clientIp":"127.0.0.1","dataLength":83,"handle":"github.com/basegin/controller.GetConfig","httpCode":200,"latency":13,"level":"info","method":"POST","msg":"{\"returnCode\":0,\"returnMsg\":\"succ\",\"returnUserMsg\":\"成功\",\"data\":{\"value\":\"0.8\"}}","referer":"","requestBody":"key=track_threshold","requestId":"3badab17075d835e:3badab17075d835e:0000000000000000:1","requestPath":"/api/getConfig","retCode":0,"time":"2023-02-05 11:20:38","type":"http","userAgent":"PostmanRuntime/7.30.1"}
{"level":"error","msg":"open /private/var/folders/sn/r988rbxd5_j69xx3krvnp1080000gn/T/GoLandconfig/config.yaml: no such file or directory","time":"2023-02-05 11:27:48"}
{"level":"panic","msg":"mysql connect error: Error 1045: Access denied for user ''@'172.17.0.1' (using password: NO)","time":"2023-02-05 11:27:48"}
{"level":"error","msg":"open /private/var/folders/sn/r988rbxd5_j69xx3krvnp1080000gn/T/GoLand/config/config.yaml: no such file or directory","time":"2023-02-05 11:27:59"}
{"level":"panic","msg":"mysql connect error: Error 1045: Access denied for user ''@'172.17.0.1' (using password: NO)","time":"2023-02-05 11:27:59"}
{"level":"info","msg":"","time":"2023-02-05 11:30:09"}
{"level":"info","msg":"","time":"2023-02-05 11:30:09"}
{"level":"info","msg":"","time":"2023-02-05 11:30:09"}
{"level":"info","msg":"","time":"2023-02-05 11:30:09"}
{"level":"info","msg":"","time":"2023-02-05 11:30:09"}
{"level":"info","msg":"","time":"2023-02-05 11:30:09"}
{"level":"info","msg":"","time":"2023-02-05 11:30:09"}
{"level":"info","msg":"","time":"2023-02-05 11:30:09"}
{"level":"info","msg":"","time":"2023-02-05 11:30:09"}
{"level":"info","msg":"","time":"2023-02-05 11:30:09"}
{"clientIp":"127.0.0.1","dataLength":83,"handle":"github.com/basegin/controller.GetConfig","httpCode":200,"latency":18,"level":"info","method":"POST","msg":"{\"returnCode\":0,\"returnMsg\":\"succ\",\"returnUserMsg\":\"成功\",\"data\":{\"value\":\"0.8\"}}","referer":"","requestBody":"key=track_threshold","requestId":"77f740c522708c5b:77f740c522708c5b:0000000000000000:1","requestPath":"/api/getConfig","retCode":0,"time":"2023-02-05 11:31:51","type":"http","userAgent":"PostmanRuntime/7.30.1"}
{"clientIp":"127.0.0.1","dataLength":83,"handle":"github.com/basegin/controller.GetConfig","httpCode":200,"latency":19,"level":"info","method":"POST","msg":"{\"returnCode\":0,\"returnMsg\":\"succ\",\"returnUserMsg\":\"成功\",\"data\":{\"value\":\"0.8\"}}","referer":"","requestBody":"key=track_threshold","requestId":"329856617a18aa45:329856617a18aa45:0000000000000000:1","requestPath":"/api/getConfig","retCode":0,"time":"2023-02-05 11:32:32","type":"http","userAgent":"PostmanRuntime/7.30.1"}
{"level":"info","msg":"","time":"2023-02-05 11:53:32"}
{"level":"info","msg":"","time":"2023-02-05 11:53:32"}
{"level":"info","msg":"","time":"2023-02-05 11:53:32"}
{"level":"info","msg":"","time":"2023-02-05 11:53:32"}
{"level":"info","msg":"","time":"2023-02-05 11:53:32"}
{"level":"info","msg":"","time":"2023-02-05 11:53:32"}
{"level":"info","msg":"","time":"2023-02-05 11:53:32"}
{"level":"info","msg":"","time":"2023-02-05 11:53:32"}
{"level":"info","msg":"","time":"2023-02-05 11:53:32"}
{"level":"info","msg":"","time":"2023-02-05 11:53:32"}
{"level":"info","msg":"{\"affectedrow\":1,\"duration\":8.4,\"level\":\"debug\",\"module\":\"gorm\",\"requestId\":\"18014c88d17da4e1:18014c88d17da4e1:0000000000000000:1\",\"sql\":\"SELECT * FROM `config`  WHERE (`key` = 'track_threshold')\",\"time\":\"2023-02-05 11:53:39\"}","time":"2023-02-05 11:53:39"}
{"clientIp":"127.0.0.1","dataLength":83,"handle":"github.com/basegin/controller.GetConfig","httpCode":200,"latency":9,"level":"info","method":"POST","msg":"{\"returnCode\":0,\"returnMsg\":\"succ\",\"returnUserMsg\":\"成功\",\"data\":{\"value\":\"0.8\"}}","referer":"","requestBody":"key=track_threshold","requestId":"18014c88d17da4e1:18014c88d17da4e1:0000000000000000:1","requestPath":"/api/getConfig","retCode":0,"time":"2023-02-05 11:53:39","type":"http","userAgent":"PostmanRuntime/7.30.1"}
{"level":"info","msg":"","time":"2023-02-05 11:54:08"}
{"level":"info","msg":"","time":"2023-02-05 11:54:08"}
{"level":"info","msg":"","time":"2023-02-05 11:54:08"}
{"level":"info","msg":"","time":"2023-02-05 11:54:08"}
{"level":"info","msg":"","time":"2023-02-05 11:54:08"}
{"level":"info","msg":"","time":"2023-02-05 11:54:08"}
{"level":"info","msg":"","time":"2023-02-05 11:54:08"}
{"level":"info","msg":"","time":"2023-02-05 11:54:08"}
{"level":"info","msg":"","time":"2023-02-05 11:54:08"}
{"level":"info","msg":"","time":"2023-02-05 11:54:08"}
{"clientIp":"127.0.0.1","dataLength":83,"handle":"github.com/basegin/controller.GetConfig","httpCode":200,"latency":13,"level":"info","method":"POST","msg":"{\"returnCode\":0,\"returnMsg\":\"succ\",\"returnUserMsg\":\"成功\",\"data\":{\"value\":\"0.8\"}}","referer":"","requestBody":"key=track_threshold","requestId":"10ba0fbd5961f8f3:10ba0fbd5961f8f3:0000000000000000:1","requestPath":"/api/getConfig","retCode":0,"time":"2023-02-05 11:54:30","type":"http","userAgent":"PostmanRuntime/7.30.1"}
{"level":"info","msg":"","time":"2023-02-05 11:54:54"}
{"level":"info","msg":"","time":"2023-02-05 11:54:54"}
{"level":"info","msg":"","time":"2023-02-05 11:54:54"}
{"level":"info","msg":"","time":"2023-02-05 11:54:54"}
{"level":"info","msg":"","time":"2023-02-05 11:54:54"}
{"level":"info","msg":"","time":"2023-02-05 11:54:54"}
{"level":"info","msg":"","time":"2023-02-05 11:54:54"}
{"level":"info","msg":"","time":"2023-02-05 11:54:54"}
{"level":"info","msg":"","time":"2023-02-05 11:54:54"}
{"level":"info","msg":"","time":"2023-02-05 11:54:54"}
{"level":"info","msg":"{\"affectedrow\":1,\"duration\":12.09,\"level\":\"debug\",\"module\":\"gorm\",\"requestId\":\"433528f6e1bb3f0d:433528f6e1bb3f0d:0000000000000000:1\",\"sql\":\"SELECT * FROM `config`  WHERE (`key` = 'track_threshold')\",\"time\":\"2023-02-05 11:56:13\"}","time":"2023-02-05 11:56:13"}
{"clientIp":"127.0.0.1","dataLength":83,"handle":"github.com/basegin/controller.GetConfig","httpCode":200,"latency":16,"level":"info","method":"POST","msg":"{\"returnCode\":0,\"returnMsg\":\"succ\",\"returnUserMsg\":\"成功\",\"data\":{\"value\":\"0.8\"}}","referer":"","requestBody":"key=track_threshold","requestId":"433528f6e1bb3f0d:433528f6e1bb3f0d:0000000000000000:1","requestPath":"/api/getConfig","retCode":0,"time":"2023-02-05 11:56:13","type":"http","userAgent":"PostmanRuntime/7.30.1"}
